D:\Pranay\Microsoft\Microsoft_Tara\Aniket\src\Backup_contosoair\src\ContosoAir.Website\dist\out-tsc\environments\environment.js
D:\Pranay\Microsoft\Microsoft_Tara\Aniket\src\Backup_contosoair\src\ContosoAir.Website\dist\out-tsc\environments\environment.js.map
D:\Pranay\Microsoft\Microsoft_Tara\Aniket\src\Backup_contosoair\src\ContosoAir.Website\dist\out-tsc\app\shared\auth.service.js
D:\Pranay\Microsoft\Microsoft_Tara\Aniket\src\Backup_contosoair\src\ContosoAir.Website\dist\out-tsc\app\shared\auth.service.js.map
D:\Pranay\Microsoft\Microsoft_Tara\Aniket\src\Backup_contosoair\src\ContosoAir.Website\dist\out-tsc\app\app.component.js
D:\Pranay\Microsoft\Microsoft_Tara\Aniket\src\Backup_contosoair\src\ContosoAir.Website\dist\out-tsc\app\app.component.js.map
D:\Pranay\Microsoft\Microsoft_Tara\Aniket\src\Backup_contosoair\src\ContosoAir.Website\dist\out-tsc\app\shared\booking.service.js
D:\Pranay\Microsoft\Microsoft_Tara\Aniket\src\Backup_contosoair\src\ContosoAir.Website\dist\out-tsc\app\shared\booking.service.js.map
D:\Pranay\Microsoft\Microsoft_Tara\Aniket\src\Backup_contosoair\src\ContosoAir.Website\dist\out-tsc\app\shared\navbar.component.js
D:\Pranay\Microsoft\Microsoft_Tara\Aniket\src\Backup_contosoair\src\ContosoAir.Website\dist\out-tsc\app\shared\navbar.component.js.map
D:\Pranay\Microsoft\Microsoft_Tara\Aniket\src\Backup_contosoair\src\ContosoAir.Website\dist\out-tsc\app\shared\footer.component.js
D:\Pranay\Microsoft\Microsoft_Tara\Aniket\src\Backup_contosoair\src\ContosoAir.Website\dist\out-tsc\app\shared\footer.component.js.map
D:\Pranay\Microsoft\Microsoft_Tara\Aniket\src\Backup_contosoair\src\ContosoAir.Website\dist\out-tsc\app\flights\flight.js
D:\Pranay\Microsoft\Microsoft_Tara\Aniket\src\Backup_contosoair\src\ContosoAir.Website\dist\out-tsc\app\flights\flight.js.map
D:\Pranay\Microsoft\Microsoft_Tara\Aniket\src\Backup_contosoair\src\ContosoAir.Website\dist\out-tsc\app\flights\flights.service.js
D:\Pranay\Microsoft\Microsoft_Tara\Aniket\src\Backup_contosoair\src\ContosoAir.Website\dist\out-tsc\app\flights\flights.service.js.map
D:\Pranay\Microsoft\Microsoft_Tara\Aniket\src\Backup_contosoair\src\ContosoAir.Website\dist\out-tsc\app\flights\flights.component.js
D:\Pranay\Microsoft\Microsoft_Tara\Aniket\src\Backup_contosoair\src\ContosoAir.Website\dist\out-tsc\app\flights\flights.component.js.map
D:\Pranay\Microsoft\Microsoft_Tara\Aniket\src\Backup_contosoair\src\ContosoAir.Website\dist\out-tsc\app\seats\seats.service.js
D:\Pranay\Microsoft\Microsoft_Tara\Aniket\src\Backup_contosoair\src\ContosoAir.Website\dist\out-tsc\app\seats\seats.service.js.map
D:\Pranay\Microsoft\Microsoft_Tara\Aniket\src\Backup_contosoair\src\ContosoAir.Website\dist\out-tsc\app\seats\seats.component.js
D:\Pranay\Microsoft\Microsoft_Tara\Aniket\src\Backup_contosoair\src\ContosoAir.Website\dist\out-tsc\app\seats\seats.component.js.map
D:\Pranay\Microsoft\Microsoft_Tara\Aniket\src\Backup_contosoair\src\ContosoAir.Website\dist\out-tsc\app\shared\deal.js
D:\Pranay\Microsoft\Microsoft_Tara\Aniket\src\Backup_contosoair\src\ContosoAir.Website\dist\out-tsc\app\shared\deal.js.map
D:\Pranay\Microsoft\Microsoft_Tara\Aniket\src\Backup_contosoair\src\ContosoAir.Website\dist\out-tsc\app\shared\deals.service.js
D:\Pranay\Microsoft\Microsoft_Tara\Aniket\src\Backup_contosoair\src\ContosoAir.Website\dist\out-tsc\app\shared\deals.service.js.map
D:\Pranay\Microsoft\Microsoft_Tara\Aniket\src\Backup_contosoair\src\ContosoAir.Website\dist\out-tsc\app\shared\deals.component.js
D:\Pranay\Microsoft\Microsoft_Tara\Aniket\src\Backup_contosoair\src\ContosoAir.Website\dist\out-tsc\app\shared\deals.component.js.map
D:\Pranay\Microsoft\Microsoft_Tara\Aniket\src\Backup_contosoair\src\ContosoAir.Website\dist\out-tsc\app\shared\airport.js
D:\Pranay\Microsoft\Microsoft_Tara\Aniket\src\Backup_contosoair\src\ContosoAir.Website\dist\out-tsc\app\shared\airport.js.map
D:\Pranay\Microsoft\Microsoft_Tara\Aniket\src\Backup_contosoair\src\ContosoAir.Website\dist\out-tsc\app\shared\airports.service.js
D:\Pranay\Microsoft\Microsoft_Tara\Aniket\src\Backup_contosoair\src\ContosoAir.Website\dist\out-tsc\app\shared\airports.service.js.map
D:\Pranay\Microsoft\Microsoft_Tara\Aniket\src\Backup_contosoair\src\ContosoAir.Website\dist\out-tsc\app\shared\search.component.js
D:\Pranay\Microsoft\Microsoft_Tara\Aniket\src\Backup_contosoair\src\ContosoAir.Website\dist\out-tsc\app\shared\search.component.js.map
D:\Pranay\Microsoft\Microsoft_Tara\Aniket\src\Backup_contosoair\src\ContosoAir.Website\dist\out-tsc\app\home\home.component.js
D:\Pranay\Microsoft\Microsoft_Tara\Aniket\src\Backup_contosoair\src\ContosoAir.Website\dist\out-tsc\app\home\home.component.js.map
D:\Pranay\Microsoft\Microsoft_Tara\Aniket\src\Backup_contosoair\src\ContosoAir.Website\dist\out-tsc\app\city\city.component.js
D:\Pranay\Microsoft\Microsoft_Tara\Aniket\src\Backup_contosoair\src\ContosoAir.Website\dist\out-tsc\app\city\city.component.js.map
D:\Pranay\Microsoft\Microsoft_Tara\Aniket\src\Backup_contosoair\src\ContosoAir.Website\dist\out-tsc\app\shared\loading.component.js
D:\Pranay\Microsoft\Microsoft_Tara\Aniket\src\Backup_contosoair\src\ContosoAir.Website\dist\out-tsc\app\shared\loading.component.js.map
D:\Pranay\Microsoft\Microsoft_Tara\Aniket\src\Backup_contosoair\src\ContosoAir.Website\dist\out-tsc\app\city-video\video.js
D:\Pranay\Microsoft\Microsoft_Tara\Aniket\src\Backup_contosoair\src\ContosoAir.Website\dist\out-tsc\app\city-video\video.js.map
D:\Pranay\Microsoft\Microsoft_Tara\Aniket\src\Backup_contosoair\src\ContosoAir.Website\dist\out-tsc\app\city-video\city-video.service.js
D:\Pranay\Microsoft\Microsoft_Tara\Aniket\src\Backup_contosoair\src\ContosoAir.Website\dist\out-tsc\app\city-video\city-video.service.js.map
D:\Pranay\Microsoft\Microsoft_Tara\Aniket\src\Backup_contosoair\src\ContosoAir.Website\dist\out-tsc\app\city-video\city-video.component.js
D:\Pranay\Microsoft\Microsoft_Tara\Aniket\src\Backup_contosoair\src\ContosoAir.Website\dist\out-tsc\app\city-video\city-video.component.js.map
D:\Pranay\Microsoft\Microsoft_Tara\Aniket\src\Backup_contosoair\src\ContosoAir.Website\dist\out-tsc\app\booking\booking.component.js
D:\Pranay\Microsoft\Microsoft_Tara\Aniket\src\Backup_contosoair\src\ContosoAir.Website\dist\out-tsc\app\booking\booking.component.js.map
D:\Pranay\Microsoft\Microsoft_Tara\Aniket\src\Backup_contosoair\src\ContosoAir.Website\dist\out-tsc\app\flights\days.component.js
D:\Pranay\Microsoft\Microsoft_Tara\Aniket\src\Backup_contosoair\src\ContosoAir.Website\dist\out-tsc\app\flights\days.component.js.map
D:\Pranay\Microsoft\Microsoft_Tara\Aniket\src\Backup_contosoair\src\ContosoAir.Website\dist\out-tsc\app\flights\options.component.js
D:\Pranay\Microsoft\Microsoft_Tara\Aniket\src\Backup_contosoair\src\ContosoAir.Website\dist\out-tsc\app\flights\options.component.js.map
D:\Pranay\Microsoft\Microsoft_Tara\Aniket\src\Backup_contosoair\src\ContosoAir.Website\dist\out-tsc\app\flights\feedback.js
D:\Pranay\Microsoft\Microsoft_Tara\Aniket\src\Backup_contosoair\src\ContosoAir.Website\dist\out-tsc\app\flights\feedback.js.map
D:\Pranay\Microsoft\Microsoft_Tara\Aniket\src\Backup_contosoair\src\ContosoAir.Website\dist\out-tsc\app\flights\flightsFeedback.service.js
D:\Pranay\Microsoft\Microsoft_Tara\Aniket\src\Backup_contosoair\src\ContosoAir.Website\dist\out-tsc\app\flights\flightsFeedback.service.js.map
D:\Pranay\Microsoft\Microsoft_Tara\Aniket\src\Backup_contosoair\src\ContosoAir.Website\dist\out-tsc\app\codeshare\edges.js
D:\Pranay\Microsoft\Microsoft_Tara\Aniket\src\Backup_contosoair\src\ContosoAir.Website\dist\out-tsc\app\codeshare\edges.js.map
D:\Pranay\Microsoft\Microsoft_Tara\Aniket\src\Backup_contosoair\src\ContosoAir.Website\dist\out-tsc\app\codeshare\vertices.js
D:\Pranay\Microsoft\Microsoft_Tara\Aniket\src\Backup_contosoair\src\ContosoAir.Website\dist\out-tsc\app\codeshare\vertices.js.map
D:\Pranay\Microsoft\Microsoft_Tara\Aniket\src\Backup_contosoair\src\ContosoAir.Website\dist\out-tsc\app\codeshare\codeshare.service.js
D:\Pranay\Microsoft\Microsoft_Tara\Aniket\src\Backup_contosoair\src\ContosoAir.Website\dist\out-tsc\app\codeshare\codeshare.service.js.map
D:\Pranay\Microsoft\Microsoft_Tara\Aniket\src\Backup_contosoair\src\ContosoAir.Website\dist\out-tsc\app\flights\results.component.js
D:\Pranay\Microsoft\Microsoft_Tara\Aniket\src\Backup_contosoair\src\ContosoAir.Website\dist\out-tsc\app\flights\results.component.js.map
D:\Pranay\Microsoft\Microsoft_Tara\Aniket\src\Backup_contosoair\src\ContosoAir.Website\dist\out-tsc\app\shared\guard.service.js
D:\Pranay\Microsoft\Microsoft_Tara\Aniket\src\Backup_contosoair\src\ContosoAir.Website\dist\out-tsc\app\shared\guard.service.js.map
D:\Pranay\Microsoft\Microsoft_Tara\Aniket\src\Backup_contosoair\src\ContosoAir.Website\dist\out-tsc\app\shared\utc.pipe.js
D:\Pranay\Microsoft\Microsoft_Tara\Aniket\src\Backup_contosoair\src\ContosoAir.Website\dist\out-tsc\app\shared\utc.pipe.js.map
D:\Pranay\Microsoft\Microsoft_Tara\Aniket\src\Backup_contosoair\src\ContosoAir.Website\dist\out-tsc\app\codeshare\settings.js
D:\Pranay\Microsoft\Microsoft_Tara\Aniket\src\Backup_contosoair\src\ContosoAir.Website\dist\out-tsc\app\codeshare\settings.js.map
D:\Pranay\Microsoft\Microsoft_Tara\Aniket\src\Backup_contosoair\src\ContosoAir.Website\dist\out-tsc\app\codeshare\codeshare.component.js
D:\Pranay\Microsoft\Microsoft_Tara\Aniket\src\Backup_contosoair\src\ContosoAir.Website\dist\out-tsc\app\codeshare\codeshare.component.js.map
D:\Pranay\Microsoft\Microsoft_Tara\Aniket\src\Backup_contosoair\src\ContosoAir.Website\dist\out-tsc\app\app.routes.js
D:\Pranay\Microsoft\Microsoft_Tara\Aniket\src\Backup_contosoair\src\ContosoAir.Website\dist\out-tsc\app\app.routes.js.map
D:\Pranay\Microsoft\Microsoft_Tara\Aniket\src\Backup_contosoair\src\ContosoAir.Website\dist\out-tsc\app\app.module.js
D:\Pranay\Microsoft\Microsoft_Tara\Aniket\src\Backup_contosoair\src\ContosoAir.Website\dist\out-tsc\app\app.module.js.map
D:\Pranay\Microsoft\Microsoft_Tara\Aniket\src\Backup_contosoair\src\ContosoAir.Website\dist\out-tsc\main.js
D:\Pranay\Microsoft\Microsoft_Tara\Aniket\src\Backup_contosoair\src\ContosoAir.Website\dist\out-tsc\main.js.map
D:\Pranay\Microsoft\Microsoft_Tara\Aniket\src\Backup_contosoair\src\ContosoAir.Website\dist\out-tsc\polyfills.js
D:\Pranay\Microsoft\Microsoft_Tara\Aniket\src\Backup_contosoair\src\ContosoAir.Website\dist\out-tsc\polyfills.js.map
D:\Pranay\Microsoft\Microsoft_Tara\Aniket\src\Backup_contosoair\src\ContosoAir.Website\dist\out-tsc\test.js
D:\Pranay\Microsoft\Microsoft_Tara\Aniket\src\Backup_contosoair\src\ContosoAir.Website\dist\out-tsc\test.js.map
D:\Pranay\Microsoft\Microsoft_Tara\Aniket\src\Backup_contosoair\src\ContosoAir.Website\dist\out-tsc\environments\environment.prod.js
D:\Pranay\Microsoft\Microsoft_Tara\Aniket\src\Backup_contosoair\src\ContosoAir.Website\dist\out-tsc\environments\environment.prod.js.map
D:\Pranay\Microsoft\Microsoft_Tara\Aniket\src\Backup_contosoair\src\ContosoAir.Website\dist\out-tsc\app\shared\airports.service.spec.js
D:\Pranay\Microsoft\Microsoft_Tara\Aniket\src\Backup_contosoair\src\ContosoAir.Website\dist\out-tsc\app\shared\airports.service.spec.js.map
D:\Pranay\Microsoft\Microsoft_Tara\Aniket\src\Backup_contosoair\src\ContosoAir.Website\dist\out-tsc\app\shared\deals.service.spec.js
D:\Pranay\Microsoft\Microsoft_Tara\Aniket\src\Backup_contosoair\src\ContosoAir.Website\dist\out-tsc\app\shared\deals.service.spec.js.map
D:\Pranay\Microsoft\Microsoft_Tara\Aniket\src\Backup_contosoair\src\ContosoAir.Website\dist\out-tsc\app\seats\seats.service.spec.js
D:\Pranay\Microsoft\Microsoft_Tara\Aniket\src\Backup_contosoair\src\ContosoAir.Website\dist\out-tsc\app\seats\seats.service.spec.js.map
D:\Pranay\Microsoft\Microsoft_Tara\Aniket\src\Backup_contosoair\src\ContosoAir.Website\dist\out-tsc\app\flights\flights.service.spec.js
D:\Pranay\Microsoft\Microsoft_Tara\Aniket\src\Backup_contosoair\src\ContosoAir.Website\dist\out-tsc\app\flights\flights.service.spec.js.map
D:\Pranay\Microsoft\Microsoft_Tara\Aniket\src\Backup_contosoair\src\ContosoAir.Website\dist\out-tsc\app\codeshare\codeshare.service.spec.js
D:\Pranay\Microsoft\Microsoft_Tara\Aniket\src\Backup_contosoair\src\ContosoAir.Website\dist\out-tsc\app\codeshare\codeshare.service.spec.js.map
